<?xml version="1.0" encoding="UTF-8"?>
<!-- Generated by org.testng.reporters.JUnitXMLReporter -->
<testsuite hostname="DESKTOP-VTS6CAM" ignored="0" tests="10" failures="0" timestamp="2022-01-12T14:31:53 EET" time="138.882" errors="0">
  <testcase name="createBank" time="24.609" classname="CreateUsersTestCases"/>
  <testcase name="createBankAdminSuperVisor" time="12.136" classname="CreateUsersTestCases"/>
  <testcase name="createBankUsers" time="10.185" classname="CreateUsersTestCases"/>
  <testcase name="createBankUsers" time="10.244" classname="CreateUsersTestCases"/>
  <testcase name="createBankUsers" time="10.256" classname="CreateUsersTestCases"/>
  <testcase name="createBankUsers" time="13.406" classname="CreateUsersTestCases"/>
  <testcase name="createBankUsers" time="13.422" classname="CreateUsersTestCases"/>
  <testcase name="createBankUsers" time="11.846" classname="CreateUsersTestCases"/>
  <testcase name="createBankUsers" time="13.226" classname="CreateUsersTestCases"/>
  <testcase name="createBankUsers" time="12.158" classname="CreateUsersTestCases"/>
</testsuite>
