<?xml version="1.0" encoding="UTF-8"?>
<!-- Generated by org.testng.reporters.JUnitXMLReporter -->
<testsuite hostname="DESKTOP-VTS6CAM" ignored="0" tests="7" failures="0" timestamp="2022-01-04T16:06:12 EET" time="16.656" errors="0">
  <testcase name="pipelineID" time="0.038" classname="ApprovalPipelineDetails"/>
  <testcase name="operationType" time="0.039" classname="ApprovalPipelineDetails"/>
  <testcase name="actionType" time="0.029" classname="ApprovalPipelineDetails"/>
  <testcase name="merchantName" time="0.029" classname="ApprovalPipelineDetails"/>
  <testcase name="status" time="0.031" classname="ApprovalPipelineDetails"/>
  <testcase name="Maker" time="0.033" classname="ApprovalPipelineDetails"/>
  <testcase name="dateTime" time="0.059" classname="ApprovalPipelineDetails"/>
</testsuite>
